<?xml version="1.0" encoding="UTF-8"?>
<!-- Generated by org.testng.reporters.JUnitReportReporter -->
<testsuite hostname="Windows-PC" failures="0" tests="5" name="API_TestCase.ReqRes" time="9.759" errors="0" timestamp="4 Dec 2022 06:20:58 GMT">
  <testcase classname="API_TestCase.ReqRes" name="singleUser" time="0.440"/>
  <testcase classname="API_TestCase.ReqRes" name="createPost" time="1.603"/>
  <testcase classname="API_TestCase.ReqRes" name="listUser" time="6.399"/>
  <testcase classname="API_TestCase.ReqRes" name="listResource" time="0.605"/>
  <testcase classname="API_TestCase.ReqRes" name="single_User_Not_Found" time="0.712"/>
</testsuite> <!-- API_TestCase.ReqRes -->
