<?xml version="1.0" encoding="UTF-8"?>
<!-- Generated by org.testng.reporters.JUnitReportReporter -->
<testsuite hostname="Windows-PC" failures="0" tests="1" name="API_TestCase.ApiTesting" time="7.593" errors="0" timestamp="4 Dec 2022 05:03:15 GMT">
  <testcase classname="API_TestCase.ApiTesting" name="f" time="7.593"/>
</testsuite> <!-- API_TestCase.ApiTesting -->
